<?xml version="1.0" encoding="UTF-8"?>
<!-- Generated by org.testng.reporters.JUnitReportReporter -->
<testsuite hostname="DESKTOP-459Q61M" failures="0" tests="1" name="tests.ContactUsTest" time="2.414" errors="0" timestamp="2022-09-10T19:10:23 EET" skipped="0">
  <testcase classname="tests.ContactUsTest" name="contactus" time="2.414"/>
  <system-out/>
</testsuite> <!-- tests.ContactUsTest -->
