<?xml version="1.0" encoding="UTF-8"?>
<!-- Generated by org.testng.reporters.JUnitReportReporter -->
<testsuite hostname="DESKTOP-459Q61M" failures="0" tests="1" name="tests.HoverTest" time="6.375" errors="0" timestamp="2022-09-12T00:14:16 EET" skipped="0">
  <testcase classname="tests.HoverTest" name="hoveroncomputerslist" time="6.375"/>
  <system-out/>
</testsuite> <!-- tests.HoverTest -->
