<?xml version="1.0" encoding="UTF-8"?>
<!-- Generated by org.testng.reporters.JUnitReportReporter -->
<testsuite hostname="DESKTOP-459Q61M" failures="0" tests="3" name="tests.UserRegistrationTestwithexcel" time="22.940" errors="0" timestamp="2022-09-27T01:47:46 EET" skipped="0">
  <testcase classname="tests.UserRegistrationTestwithexcel" name="userreister" time="9.064"/>
  <system-out/>
  <testcase classname="tests.UserRegistrationTestwithexcel" name="userreister" time="6.921"/>
  <system-out/>
  <testcase classname="tests.UserRegistrationTestwithexcel" name="userreister" time="6.955"/>
  <system-out/>
</testsuite> <!-- tests.UserRegistrationTestwithexcel -->
