<?xml version="1.0" encoding="UTF-8"?>
<!-- Generated by org.testng.reporters.JUnitReportReporter -->
<testsuite hostname="DESKTOP-459Q61M" failures="0" tests="1" name="tests.SearchTest" time="1.402" errors="0" timestamp="2022-09-10T23:33:36 EET" skipped="0">
  <testcase classname="tests.SearchTest" name="searchforproduct" time="1.402"/>
  <system-out/>
</testsuite> <!-- tests.SearchTest -->
