<?xml version="1.0" encoding="UTF-8"?>
<!-- Generated by org.testng.reporters.JUnitReportReporter -->
<testsuite hostname="DESKTOP-459Q61M" failures="0" tests="2" name="runner.TestRunner" time="20.221" errors="0" timestamp="2022-10-01T02:52:17 EET" skipped="0">
  <testcase classname="runner.TestRunner" name="runScenario" time="7.223"/>
  <system-out/>
  <testcase classname="runner.TestRunner" name="runScenario" time="12.998"/>
  <system-out/>
</testsuite> <!-- runner.TestRunner -->
