<?xml version="1.0" encoding="UTF-8"?>
<!-- Generated by org.testng.reporters.JUnitReportReporter -->
<testsuite hostname="DESKTOP-459Q61M" failures="0" tests="3" name="tests.UserRegistrationTest" time="7.436" errors="0" timestamp="2022-09-27T01:35:41 EET" skipped="0">
  <testcase classname="tests.UserRegistrationTest" name="clickonlogoutbutton" time="1.048"/>
  <system-out/>
  <testcase classname="tests.UserRegistrationTest" name="loginprocess" time="2.156"/>
  <system-out/>
  <testcase classname="tests.UserRegistrationTest" name="userreister" time="4.232"/>
  <system-out/>
</testsuite> <!-- tests.UserRegistrationTest -->
