<?xml version="1.0" encoding="UTF-8"?>
<!-- Generated by org.testng.reporters.JUnitReportReporter -->
<testsuite hostname="DESKTOP-459Q61M" failures="0" tests="3" name="tests.UserRegistrationTest" time="7.275" errors="0" timestamp="2022-09-15T22:46:07 EET" skipped="0">
  <testcase classname="tests.UserRegistrationTest" name="loginprocess" time="2.233"/>
  <system-out/>
  <testcase classname="tests.UserRegistrationTest" name="clickonlogoutbutton" time="0.967"/>
  <system-out/>
  <testcase classname="tests.UserRegistrationTest" name="userreister" time="4.075"/>
  <system-out/>
</testsuite> <!-- tests.UserRegistrationTest -->
